[28-Aug-2025 04:12:28 UTC] WordPress database error Table 'local.wp_wpfb_post_templates' doesn't exist for query SELECT COUNT(*) FROM wp_wpfb_post_templates WHERE template_type='widget' made by activate_plugin, plugin_sandbox_scrape, include_once('/plugins/wp-google-places-review-slider/wp-google-reviews.php'), run_WP_Google_Reviews, WP_Google_Reviews->__construct, WP_Google_Reviews->load_dependencies, require_once('/plugins/wp-google-places-review-slider/public/class-wp-google-reviews-widget.php')
[28-Aug-2025 04:12:28 UTC] WordPress database error BLOB, TEXT, GEOMETRY or JSON column 'unique_id' can't have a default value for query ALTER TABLE wp_wpfb_reviews ALTER COLUMN `unique_id` SET DEFAULT '' made by activate_plugin, do_action('activate_wp-google-places-review-slider/wp-google-reviews.php'), WP_Hook->do_action, WP_Hook->apply_filters, activate_WP_Google_Reviews, WP_Google_Reviews_Activator::activate_all, WP_Google_Reviews_Activator::activate, dbDelta
[28-Aug-2025 04:12:28 UTC] WordPress database error BLOB, TEXT, GEOMETRY or JSON column 'meta_data' can't have a default value for query ALTER TABLE wp_wpfb_reviews ALTER COLUMN `meta_data` SET DEFAULT '' made by activate_plugin, do_action('activate_wp-google-places-review-slider/wp-google-reviews.php'), WP_Hook->do_action, WP_Hook->apply_filters, activate_WP_Google_Reviews, WP_Google_Reviews_Activator::activate_all, WP_Google_Reviews_Activator::activate, dbDelta
[28-Aug-2025 04:12:28 UTC] WordPress database error BLOB, TEXT, GEOMETRY or JSON column 'custom_data' can't have a default value for query ALTER TABLE wp_wpfb_reviews ALTER COLUMN `custom_data` SET DEFAULT '' made by activate_plugin, do_action('activate_wp-google-places-review-slider/wp-google-reviews.php'), WP_Hook->do_action, WP_Hook->apply_filters, activate_WP_Google_Reviews, WP_Google_Reviews_Activator::activate_all, WP_Google_Reviews_Activator::activate, dbDelta
[28-Aug-2025 04:12:28 UTC] WordPress database error BLOB, TEXT, GEOMETRY or JSON column 'custom_stars' can't have a default value for query ALTER TABLE wp_wpfb_reviews ALTER COLUMN `custom_stars` SET DEFAULT '' made by activate_plugin, do_action('activate_wp-google-places-review-slider/wp-google-reviews.php'), WP_Hook->do_action, WP_Hook->apply_filters, activate_WP_Google_Reviews, WP_Google_Reviews_Activator::activate_all, WP_Google_Reviews_Activator::activate, dbDelta
[28-Aug-2025 04:12:28 UTC] WordPress database error BLOB, TEXT, GEOMETRY or JSON column 'template_misc' can't have a default value for query ALTER TABLE wp_wpfb_post_templates ALTER COLUMN `template_misc` SET DEFAULT '' made by activate_plugin, do_action('activate_wp-google-places-review-slider/wp-google-reviews.php'), WP_Hook->do_action, WP_Hook->apply_filters, activate_WP_Google_Reviews, WP_Google_Reviews_Activator::activate_all, WP_Google_Reviews_Activator::activate, dbDelta
[28-Aug-2025 04:12:28 UTC] WordPress database error BLOB, TEXT, GEOMETRY or JSON column 'google_snippet_more' can't have a default value for query ALTER TABLE wp_wpfb_post_templates ALTER COLUMN `google_snippet_more` SET DEFAULT '' made by activate_plugin, do_action('activate_wp-google-places-review-slider/wp-google-reviews.php'), WP_Hook->do_action, WP_Hook->apply_filters, activate_WP_Google_Reviews, WP_Google_Reviews_Activator::activate_all, WP_Google_Reviews_Activator::activate, dbDelta
[28-Aug-2025 04:13:06 UTC] PHP Warning:  Undefined array key "ract" in /Users/sravanimalla/Local Sites/preferred/app/public/wp-content/plugins/wp-google-places-review-slider/admin/partials/googleapi.php on line 81
[28-Aug-2025 04:13:06 UTC] PHP Warning:  Trying to access array offset on value of type bool in /Users/sravanimalla/Local Sites/preferred/app/public/wp-content/plugins/wp-google-places-review-slider/admin/class-wp-google-reviews-admin.php on line 595
[28-Aug-2025 04:13:06 UTC] PHP Warning:  Trying to access array offset on value of type bool in /Users/sravanimalla/Local Sites/preferred/app/public/wp-content/plugins/wp-google-places-review-slider/admin/class-wp-google-reviews-admin.php on line 679
[28-Aug-2025 04:13:06 UTC] PHP Warning:  Trying to access array offset on value of type bool in /Users/sravanimalla/Local Sites/preferred/app/public/wp-content/plugins/wp-google-places-review-slider/admin/class-wp-google-reviews-admin.php on line 679
[28-Aug-2025 04:13:06 UTC] PHP Warning:  Trying to access array offset on value of type bool in /Users/sravanimalla/Local Sites/preferred/app/public/wp-content/plugins/wp-google-places-review-slider/admin/class-wp-google-reviews-admin.php on line 679
[28-Aug-2025 04:13:06 UTC] PHP Warning:  Trying to access array offset on value of type bool in /Users/sravanimalla/Local Sites/preferred/app/public/wp-content/plugins/wp-google-places-review-slider/admin/class-wp-google-reviews-admin.php on line 679
[28-Aug-2025 04:13:06 UTC] PHP Warning:  Trying to access array offset on value of type bool in /Users/sravanimalla/Local Sites/preferred/app/public/wp-content/plugins/wp-google-places-review-slider/admin/class-wp-google-reviews-admin.php on line 679
[28-Aug-2025 04:13:06 UTC] PHP Warning:  Trying to access array offset on value of type bool in /Users/sravanimalla/Local Sites/preferred/app/public/wp-content/plugins/wp-google-places-review-slider/admin/class-wp-google-reviews-admin.php on line 725
[28-Aug-2025 04:13:06 UTC] PHP Warning:  Trying to access array offset on value of type bool in /Users/sravanimalla/Local Sites/preferred/app/public/wp-content/plugins/wp-google-places-review-slider/admin/class-wp-google-reviews-admin.php on line 726
[28-Aug-2025 04:13:15 UTC] PHP Warning:  Undefined array key 0 in /Users/sravanimalla/Local Sites/preferred/app/public/wp-content/plugins/wp-google-places-review-slider/admin/partials/templates_posts.php on line 939
[28-Aug-2025 04:13:15 UTC] PHP Warning:  Attempt to read property "pageid" on null in /Users/sravanimalla/Local Sites/preferred/app/public/wp-content/plugins/wp-google-places-review-slider/admin/partials/templates_posts.php on line 939
[28-Aug-2025 04:13:15 UTC] PHP Warning:  Undefined array key 0 in /Users/sravanimalla/Local Sites/preferred/app/public/wp-content/plugins/wp-google-places-review-slider/admin/partials/templates_posts.php on line 942
[28-Aug-2025 04:13:15 UTC] PHP Warning:  Attempt to read property "pageid" on null in /Users/sravanimalla/Local Sites/preferred/app/public/wp-content/plugins/wp-google-places-review-slider/admin/partials/templates_posts.php on line 942
[28-Aug-2025 04:14:04 UTC] PHP Warning:  Undefined array key "place" in /Users/sravanimalla/Local Sites/preferred/app/public/wp-content/plugins/wp-google-places-review-slider/admin/partials/googlecrawl.php on line 21
[28-Aug-2025 04:14:04 UTC] PHP Warning:  Undefined array key "" in /Users/sravanimalla/Local Sites/preferred/app/public/wp-content/plugins/wp-google-places-review-slider/admin/partials/googlecrawl.php on line 33
[28-Aug-2025 04:14:04 UTC] PHP Warning:  Trying to access array offset on value of type null in /Users/sravanimalla/Local Sites/preferred/app/public/wp-content/plugins/wp-google-places-review-slider/admin/partials/googlecrawl.php on line 33
[28-Aug-2025 04:14:04 UTC] PHP Warning:  Undefined array key "" in /Users/sravanimalla/Local Sites/preferred/app/public/wp-content/plugins/wp-google-places-review-slider/admin/partials/googlecrawl.php on line 70
[28-Aug-2025 04:14:04 UTC] PHP Warning:  Trying to access array offset on value of type null in /Users/sravanimalla/Local Sites/preferred/app/public/wp-content/plugins/wp-google-places-review-slider/admin/partials/googlecrawl.php on line 70
[28-Aug-2025 04:14:04 UTC] PHP Warning:  Trying to access array offset on value of type null in /Users/sravanimalla/Local Sites/preferred/app/public/wp-content/plugins/wp-google-places-review-slider/admin/partials/googlecrawl.php on line 85
[28-Aug-2025 04:14:04 UTC] PHP Warning:  Trying to access array offset on value of type null in /Users/sravanimalla/Local Sites/preferred/app/public/wp-content/plugins/wp-google-places-review-slider/admin/partials/googlecrawl.php on line 86
[28-Aug-2025 04:14:04 UTC] PHP Warning:  Trying to access array offset on value of type null in /Users/sravanimalla/Local Sites/preferred/app/public/wp-content/plugins/wp-google-places-review-slider/admin/partials/googlecrawl.php on line 87
[28-Aug-2025 04:14:04 UTC] PHP Warning:  Trying to access array offset on value of type null in /Users/sravanimalla/Local Sites/preferred/app/public/wp-content/plugins/wp-google-places-review-slider/admin/partials/googlecrawl.php on line 88
[28-Aug-2025 04:14:04 UTC] PHP Warning:  Trying to access array offset on value of type null in /Users/sravanimalla/Local Sites/preferred/app/public/wp-content/plugins/wp-google-places-review-slider/admin/partials/googlecrawl.php on line 89
[28-Aug-2025 04:14:04 UTC] PHP Warning:  Trying to access array offset on value of type null in /Users/sravanimalla/Local Sites/preferred/app/public/wp-content/plugins/wp-google-places-review-slider/admin/partials/googlecrawl.php on line 89
[28-Aug-2025 04:16:32 UTC] PHP Warning:  Undefined array key "place" in /Users/sravanimalla/Local Sites/preferred/app/public/wp-content/plugins/wp-google-places-review-slider/admin/partials/googlecrawl.php on line 21
[28-Aug-2025 04:16:32 UTC] PHP Warning:  Undefined array key "" in /Users/sravanimalla/Local Sites/preferred/app/public/wp-content/plugins/wp-google-places-review-slider/admin/partials/googlecrawl.php on line 33
[28-Aug-2025 04:16:32 UTC] PHP Warning:  Trying to access array offset on value of type null in /Users/sravanimalla/Local Sites/preferred/app/public/wp-content/plugins/wp-google-places-review-slider/admin/partials/googlecrawl.php on line 33
[28-Aug-2025 04:16:32 UTC] PHP Warning:  Undefined array key "" in /Users/sravanimalla/Local Sites/preferred/app/public/wp-content/plugins/wp-google-places-review-slider/admin/partials/googlecrawl.php on line 70
[28-Aug-2025 04:16:32 UTC] PHP Warning:  Trying to access array offset on value of type null in /Users/sravanimalla/Local Sites/preferred/app/public/wp-content/plugins/wp-google-places-review-slider/admin/partials/googlecrawl.php on line 70
[28-Aug-2025 04:16:32 UTC] PHP Warning:  Trying to access array offset on value of type null in /Users/sravanimalla/Local Sites/preferred/app/public/wp-content/plugins/wp-google-places-review-slider/admin/partials/googlecrawl.php on line 85
[28-Aug-2025 04:16:32 UTC] PHP Warning:  Trying to access array offset on value of type null in /Users/sravanimalla/Local Sites/preferred/app/public/wp-content/plugins/wp-google-places-review-slider/admin/partials/googlecrawl.php on line 86
[28-Aug-2025 04:16:32 UTC] PHP Warning:  Trying to access array offset on value of type null in /Users/sravanimalla/Local Sites/preferred/app/public/wp-content/plugins/wp-google-places-review-slider/admin/partials/googlecrawl.php on line 87
[28-Aug-2025 04:16:32 UTC] PHP Warning:  Trying to access array offset on value of type null in /Users/sravanimalla/Local Sites/preferred/app/public/wp-content/plugins/wp-google-places-review-slider/admin/partials/googlecrawl.php on line 88
[28-Aug-2025 04:16:32 UTC] PHP Warning:  Trying to access array offset on value of type null in /Users/sravanimalla/Local Sites/preferred/app/public/wp-content/plugins/wp-google-places-review-slider/admin/partials/googlecrawl.php on line 89
[28-Aug-2025 04:16:32 UTC] PHP Warning:  Trying to access array offset on value of type null in /Users/sravanimalla/Local Sites/preferred/app/public/wp-content/plugins/wp-google-places-review-slider/admin/partials/googlecrawl.php on line 89
[28-Aug-2025 04:19:44 UTC] PHP Warning:  Undefined array key 0 in /Users/sravanimalla/Local Sites/preferred/app/public/wp-content/plugins/wp-google-places-review-slider/admin/partials/templates_posts.php on line 939
[28-Aug-2025 04:19:44 UTC] PHP Warning:  Attempt to read property "pageid" on null in /Users/sravanimalla/Local Sites/preferred/app/public/wp-content/plugins/wp-google-places-review-slider/admin/partials/templates_posts.php on line 939
[28-Aug-2025 04:19:44 UTC] PHP Warning:  Undefined array key 0 in /Users/sravanimalla/Local Sites/preferred/app/public/wp-content/plugins/wp-google-places-review-slider/admin/partials/templates_posts.php on line 942
[28-Aug-2025 04:19:44 UTC] PHP Warning:  Attempt to read property "pageid" on null in /Users/sravanimalla/Local Sites/preferred/app/public/wp-content/plugins/wp-google-places-review-slider/admin/partials/templates_posts.php on line 942
[28-Aug-2025 04:20:04 UTC] PHP Warning:  Undefined array key "place" in /Users/sravanimalla/Local Sites/preferred/app/public/wp-content/plugins/wp-google-places-review-slider/admin/partials/googlecrawl.php on line 21
[28-Aug-2025 04:20:04 UTC] PHP Warning:  Undefined array key "" in /Users/sravanimalla/Local Sites/preferred/app/public/wp-content/plugins/wp-google-places-review-slider/admin/partials/googlecrawl.php on line 33
[28-Aug-2025 04:20:04 UTC] PHP Warning:  Trying to access array offset on value of type null in /Users/sravanimalla/Local Sites/preferred/app/public/wp-content/plugins/wp-google-places-review-slider/admin/partials/googlecrawl.php on line 33
[28-Aug-2025 04:20:04 UTC] PHP Warning:  Undefined array key "" in /Users/sravanimalla/Local Sites/preferred/app/public/wp-content/plugins/wp-google-places-review-slider/admin/partials/googlecrawl.php on line 70
[28-Aug-2025 04:20:04 UTC] PHP Warning:  Trying to access array offset on value of type null in /Users/sravanimalla/Local Sites/preferred/app/public/wp-content/plugins/wp-google-places-review-slider/admin/partials/googlecrawl.php on line 70
[28-Aug-2025 04:20:04 UTC] PHP Warning:  Trying to access array offset on value of type null in /Users/sravanimalla/Local Sites/preferred/app/public/wp-content/plugins/wp-google-places-review-slider/admin/partials/googlecrawl.php on line 85
[28-Aug-2025 04:20:04 UTC] PHP Warning:  Trying to access array offset on value of type null in /Users/sravanimalla/Local Sites/preferred/app/public/wp-content/plugins/wp-google-places-review-slider/admin/partials/googlecrawl.php on line 86
[28-Aug-2025 04:20:04 UTC] PHP Warning:  Trying to access array offset on value of type null in /Users/sravanimalla/Local Sites/preferred/app/public/wp-content/plugins/wp-google-places-review-slider/admin/partials/googlecrawl.php on line 87
[28-Aug-2025 04:20:04 UTC] PHP Warning:  Trying to access array offset on value of type null in /Users/sravanimalla/Local Sites/preferred/app/public/wp-content/plugins/wp-google-places-review-slider/admin/partials/googlecrawl.php on line 88
[28-Aug-2025 04:20:04 UTC] PHP Warning:  Trying to access array offset on value of type null in /Users/sravanimalla/Local Sites/preferred/app/public/wp-content/plugins/wp-google-places-review-slider/admin/partials/googlecrawl.php on line 89
[28-Aug-2025 04:20:04 UTC] PHP Warning:  Trying to access array offset on value of type null in /Users/sravanimalla/Local Sites/preferred/app/public/wp-content/plugins/wp-google-places-review-slider/admin/partials/googlecrawl.php on line 89
[28-Aug-2025 04:21:33 UTC] PHP Warning:  Undefined array key "nhful" in /Users/sravanimalla/Local Sites/preferred/app/public/wp-content/plugins/wp-google-places-review-slider/admin/partials/googlechoose.php on line 127
[28-Aug-2025 04:21:33 UTC] PHP Warning:  Undefined array key "nhful" in /Users/sravanimalla/Local Sites/preferred/app/public/wp-content/plugins/wp-google-places-review-slider/admin/partials/googlechoose.php on line 129
[28-Aug-2025 04:21:41 UTC] PHP Warning:  Undefined array key 0 in /Users/sravanimalla/Local Sites/preferred/app/public/wp-content/plugins/wp-google-places-review-slider/admin/partials/templates_posts.php on line 939
[28-Aug-2025 04:21:41 UTC] PHP Warning:  Attempt to read property "pageid" on null in /Users/sravanimalla/Local Sites/preferred/app/public/wp-content/plugins/wp-google-places-review-slider/admin/partials/templates_posts.php on line 939
[28-Aug-2025 04:21:41 UTC] PHP Warning:  Undefined array key 0 in /Users/sravanimalla/Local Sites/preferred/app/public/wp-content/plugins/wp-google-places-review-slider/admin/partials/templates_posts.php on line 942
[28-Aug-2025 04:21:41 UTC] PHP Warning:  Attempt to read property "pageid" on null in /Users/sravanimalla/Local Sites/preferred/app/public/wp-content/plugins/wp-google-places-review-slider/admin/partials/templates_posts.php on line 942
[28-Aug-2025 04:21:43 UTC] PHP Warning:  Undefined array key "nhful" in /Users/sravanimalla/Local Sites/preferred/app/public/wp-content/plugins/wp-google-places-review-slider/admin/partials/googlechoose.php on line 127
[28-Aug-2025 04:21:43 UTC] PHP Warning:  Undefined array key "nhful" in /Users/sravanimalla/Local Sites/preferred/app/public/wp-content/plugins/wp-google-places-review-slider/admin/partials/googlechoose.php on line 129
[28-Aug-2025 04:23:16 UTC] PHP Warning:  Undefined array key "nhful" in /Users/sravanimalla/Local Sites/preferred/app/public/wp-content/plugins/wp-google-places-review-slider/admin/partials/googlechoose.php on line 127
[28-Aug-2025 04:23:16 UTC] PHP Warning:  Undefined array key "nhful" in /Users/sravanimalla/Local Sites/preferred/app/public/wp-content/plugins/wp-google-places-review-slider/admin/partials/googlechoose.php on line 129
[28-Aug-2025 04:23:26 UTC] PHP Warning:  Undefined array key "nhful" in /Users/sravanimalla/Local Sites/preferred/app/public/wp-content/plugins/wp-google-places-review-slider/admin/partials/googlechoose.php on line 127
[28-Aug-2025 04:23:26 UTC] PHP Warning:  Undefined array key "nhful" in /Users/sravanimalla/Local Sites/preferred/app/public/wp-content/plugins/wp-google-places-review-slider/admin/partials/googlechoose.php on line 129
[28-Aug-2025 16:52:58 UTC] PHP Warning:  Undefined array key "nhful" in /Users/sravanimalla/Local Sites/preferred/app/public/wp-content/plugins/wp-google-places-review-slider/admin/partials/googlechoose.php on line 127
[28-Aug-2025 16:52:58 UTC] PHP Warning:  Undefined array key "nhful" in /Users/sravanimalla/Local Sites/preferred/app/public/wp-content/plugins/wp-google-places-review-slider/admin/partials/googlechoose.php on line 129
[28-Aug-2025 17:27:08 UTC] PHP Warning:  Undefined property: stdClass::$id in /Users/sravanimalla/Local Sites/preferred/app/public/wp-includes/rest-api/endpoints/class-wp-rest-posts-controller.php on line 755
[28-Aug-2025 17:27:08 UTC] PHP Warning:  Undefined property: stdClass::$post_parent in /Users/sravanimalla/Local Sites/preferred/app/public/wp-includes/rest-api/endpoints/class-wp-rest-posts-controller.php on line 758
[29-Aug-2025 18:38:55 UTC] PHP Warning:  Undefined array key "name" in /Users/sravanimalla/Local Sites/preferred/app/public/wp-content/plugins/reviews-widgets-for-yelp/tabs/free-widget-configurator.php on line 40
[29-Aug-2025 18:39:23 UTC] PHP Warning:  Undefined array key "rating_score" in /Users/sravanimalla/Local Sites/preferred/app/public/wp-content/plugins/reviews-widgets-for-yelp/trustindex-plugin.class.php on line 5743
[30-Aug-2025 01:48:56 UTC] Cron reschedule event error for hook: wp_privacy_delete_old_export_files, Error code: could_not_set, Error message: The cron event list could not be saved., Data: {"schedule":"hourly","args":[],"interval":3600}
[05-Sep-2025 00:16:30 UTC] PHP Warning:  Cannot modify header information - headers already sent by (output started at /Users/sravanimalla/Local Sites/preferred/app/public/wp-includes/fonts/class-wp-font-face.php:121) in /Users/sravanimalla/Local Sites/preferred/app/public/wp-includes/pluggable.php on line 1450
[05-Sep-2025 00:16:30 UTC] PHP Warning:  Cannot modify header information - headers already sent by (output started at /Users/sravanimalla/Local Sites/preferred/app/public/wp-includes/fonts/class-wp-font-face.php:121) in /Users/sravanimalla/Local Sites/preferred/app/public/wp-includes/pluggable.php on line 1453
[05-Sep-2025 00:17:09 UTC] PHP Warning:  Cannot modify header information - headers already sent by (output started at /Users/sravanimalla/Local Sites/preferred/app/public/wp-includes/fonts/class-wp-font-face.php:121) in /Users/sravanimalla/Local Sites/preferred/app/public/wp-includes/pluggable.php on line 1450
[05-Sep-2025 00:17:09 UTC] PHP Warning:  Cannot modify header information - headers already sent by (output started at /Users/sravanimalla/Local Sites/preferred/app/public/wp-includes/fonts/class-wp-font-face.php:121) in /Users/sravanimalla/Local Sites/preferred/app/public/wp-includes/pluggable.php on line 1453
[05-Sep-2025 00:21:22 UTC] PHP Warning:  Cannot modify header information - headers already sent by (output started at /Users/sravanimalla/Local Sites/preferred/app/public/wp-includes/fonts/class-wp-font-face.php:121) in /Users/sravanimalla/Local Sites/preferred/app/public/wp-includes/pluggable.php on line 1450
[05-Sep-2025 00:21:22 UTC] PHP Warning:  Cannot modify header information - headers already sent by (output started at /Users/sravanimalla/Local Sites/preferred/app/public/wp-includes/fonts/class-wp-font-face.php:121) in /Users/sravanimalla/Local Sites/preferred/app/public/wp-includes/pluggable.php on line 1453
[05-Sep-2025 00:37:50 UTC] PHP Warning:  Cannot modify header information - headers already sent by (output started at /Users/sravanimalla/Local Sites/preferred/app/public/wp-includes/fonts/class-wp-font-face.php:121) in /Users/sravanimalla/Local Sites/preferred/app/public/wp-includes/pluggable.php on line 1450
[05-Sep-2025 00:37:50 UTC] PHP Warning:  Cannot modify header information - headers already sent by (output started at /Users/sravanimalla/Local Sites/preferred/app/public/wp-includes/fonts/class-wp-font-face.php:121) in /Users/sravanimalla/Local Sites/preferred/app/public/wp-includes/pluggable.php on line 1453
[05-Sep-2025 00:50:55 UTC] PHP Warning:  Cannot modify header information - headers already sent by (output started at /Users/sravanimalla/Local Sites/preferred/app/public/wp-includes/fonts/class-wp-font-face.php:121) in /Users/sravanimalla/Local Sites/preferred/app/public/wp-includes/pluggable.php on line 1450
[05-Sep-2025 00:50:55 UTC] PHP Warning:  Cannot modify header information - headers already sent by (output started at /Users/sravanimalla/Local Sites/preferred/app/public/wp-includes/fonts/class-wp-font-face.php:121) in /Users/sravanimalla/Local Sites/preferred/app/public/wp-includes/pluggable.php on line 1453
[05-Sep-2025 00:53:08 UTC] PHP Warning:  Cannot modify header information - headers already sent by (output started at /Users/sravanimalla/Local Sites/preferred/app/public/wp-includes/fonts/class-wp-font-face.php:121) in /Users/sravanimalla/Local Sites/preferred/app/public/wp-includes/pluggable.php on line 1450
[05-Sep-2025 00:53:08 UTC] PHP Warning:  Cannot modify header information - headers already sent by (output started at /Users/sravanimalla/Local Sites/preferred/app/public/wp-includes/fonts/class-wp-font-face.php:121) in /Users/sravanimalla/Local Sites/preferred/app/public/wp-includes/pluggable.php on line 1453
[05-Sep-2025 00:54:00 UTC] PHP Warning:  Cannot modify header information - headers already sent by (output started at /Users/sravanimalla/Local Sites/preferred/app/public/wp-includes/fonts/class-wp-font-face.php:121) in /Users/sravanimalla/Local Sites/preferred/app/public/wp-includes/pluggable.php on line 1450
[05-Sep-2025 00:54:00 UTC] PHP Warning:  Cannot modify header information - headers already sent by (output started at /Users/sravanimalla/Local Sites/preferred/app/public/wp-includes/fonts/class-wp-font-face.php:121) in /Users/sravanimalla/Local Sites/preferred/app/public/wp-includes/pluggable.php on line 1453
[05-Sep-2025 00:54:42 UTC] PHP Warning:  Cannot modify header information - headers already sent by (output started at /Users/sravanimalla/Local Sites/preferred/app/public/wp-includes/fonts/class-wp-font-face.php:121) in /Users/sravanimalla/Local Sites/preferred/app/public/wp-includes/pluggable.php on line 1450
[05-Sep-2025 00:54:42 UTC] PHP Warning:  Cannot modify header information - headers already sent by (output started at /Users/sravanimalla/Local Sites/preferred/app/public/wp-includes/fonts/class-wp-font-face.php:121) in /Users/sravanimalla/Local Sites/preferred/app/public/wp-includes/pluggable.php on line 1453
[05-Sep-2025 00:54:53 UTC] PHP Warning:  Cannot modify header information - headers already sent by (output started at /Users/sravanimalla/Local Sites/preferred/app/public/wp-includes/fonts/class-wp-font-face.php:121) in /Users/sravanimalla/Local Sites/preferred/app/public/wp-includes/pluggable.php on line 1450
[05-Sep-2025 00:54:53 UTC] PHP Warning:  Cannot modify header information - headers already sent by (output started at /Users/sravanimalla/Local Sites/preferred/app/public/wp-includes/fonts/class-wp-font-face.php:121) in /Users/sravanimalla/Local Sites/preferred/app/public/wp-includes/pluggable.php on line 1453
[05-Sep-2025 00:56:58 UTC] PHP Warning:  Cannot modify header information - headers already sent by (output started at /Users/sravanimalla/Local Sites/preferred/app/public/wp-includes/fonts/class-wp-font-face.php:121) in /Users/sravanimalla/Local Sites/preferred/app/public/wp-includes/pluggable.php on line 1450
[05-Sep-2025 00:56:58 UTC] PHP Warning:  Cannot modify header information - headers already sent by (output started at /Users/sravanimalla/Local Sites/preferred/app/public/wp-includes/fonts/class-wp-font-face.php:121) in /Users/sravanimalla/Local Sites/preferred/app/public/wp-includes/pluggable.php on line 1453
[05-Sep-2025 00:57:32 UTC] PHP Warning:  Cannot modify header information - headers already sent by (output started at /Users/sravanimalla/Local Sites/preferred/app/public/wp-includes/fonts/class-wp-font-face.php:121) in /Users/sravanimalla/Local Sites/preferred/app/public/wp-includes/pluggable.php on line 1450
[05-Sep-2025 00:57:32 UTC] PHP Warning:  Cannot modify header information - headers already sent by (output started at /Users/sravanimalla/Local Sites/preferred/app/public/wp-includes/fonts/class-wp-font-face.php:121) in /Users/sravanimalla/Local Sites/preferred/app/public/wp-includes/pluggable.php on line 1453
[05-Sep-2025 01:01:35 UTC] PHP Warning:  Cannot modify header information - headers already sent by (output started at /Users/sravanimalla/Local Sites/preferred/app/public/wp-includes/fonts/class-wp-font-face.php:121) in /Users/sravanimalla/Local Sites/preferred/app/public/wp-includes/pluggable.php on line 1450
[05-Sep-2025 01:01:35 UTC] PHP Warning:  Cannot modify header information - headers already sent by (output started at /Users/sravanimalla/Local Sites/preferred/app/public/wp-includes/fonts/class-wp-font-face.php:121) in /Users/sravanimalla/Local Sites/preferred/app/public/wp-includes/pluggable.php on line 1453
[05-Sep-2025 01:03:32 UTC] PHP Warning:  Cannot modify header information - headers already sent by (output started at /Users/sravanimalla/Local Sites/preferred/app/public/wp-includes/fonts/class-wp-font-face.php:121) in /Users/sravanimalla/Local Sites/preferred/app/public/wp-includes/pluggable.php on line 1450
[05-Sep-2025 01:03:32 UTC] PHP Warning:  Cannot modify header information - headers already sent by (output started at /Users/sravanimalla/Local Sites/preferred/app/public/wp-includes/fonts/class-wp-font-face.php:121) in /Users/sravanimalla/Local Sites/preferred/app/public/wp-includes/pluggable.php on line 1453
[05-Sep-2025 01:04:57 UTC] PHP Warning:  Cannot modify header information - headers already sent by (output started at /Users/sravanimalla/Local Sites/preferred/app/public/wp-includes/fonts/class-wp-font-face.php:121) in /Users/sravanimalla/Local Sites/preferred/app/public/wp-includes/pluggable.php on line 1450
[05-Sep-2025 01:04:57 UTC] PHP Warning:  Cannot modify header information - headers already sent by (output started at /Users/sravanimalla/Local Sites/preferred/app/public/wp-includes/fonts/class-wp-font-face.php:121) in /Users/sravanimalla/Local Sites/preferred/app/public/wp-includes/pluggable.php on line 1453
[05-Sep-2025 01:07:06 UTC] PHP Warning:  Cannot modify header information - headers already sent by (output started at /Users/sravanimalla/Local Sites/preferred/app/public/wp-includes/fonts/class-wp-font-face.php:121) in /Users/sravanimalla/Local Sites/preferred/app/public/wp-includes/pluggable.php on line 1450
[05-Sep-2025 01:07:06 UTC] PHP Warning:  Cannot modify header information - headers already sent by (output started at /Users/sravanimalla/Local Sites/preferred/app/public/wp-includes/fonts/class-wp-font-face.php:121) in /Users/sravanimalla/Local Sites/preferred/app/public/wp-includes/pluggable.php on line 1453
[05-Sep-2025 01:07:12 UTC] PHP Warning:  Cannot modify header information - headers already sent by (output started at /Users/sravanimalla/Local Sites/preferred/app/public/wp-includes/fonts/class-wp-font-face.php:121) in /Users/sravanimalla/Local Sites/preferred/app/public/wp-includes/pluggable.php on line 1450
[05-Sep-2025 01:07:12 UTC] PHP Warning:  Cannot modify header information - headers already sent by (output started at /Users/sravanimalla/Local Sites/preferred/app/public/wp-includes/fonts/class-wp-font-face.php:121) in /Users/sravanimalla/Local Sites/preferred/app/public/wp-includes/pluggable.php on line 1453
[05-Sep-2025 01:07:19 UTC] PHP Warning:  Cannot modify header information - headers already sent by (output started at /Users/sravanimalla/Local Sites/preferred/app/public/wp-includes/fonts/class-wp-font-face.php:121) in /Users/sravanimalla/Local Sites/preferred/app/public/wp-includes/pluggable.php on line 1450
[05-Sep-2025 01:07:19 UTC] PHP Warning:  Cannot modify header information - headers already sent by (output started at /Users/sravanimalla/Local Sites/preferred/app/public/wp-includes/fonts/class-wp-font-face.php:121) in /Users/sravanimalla/Local Sites/preferred/app/public/wp-includes/pluggable.php on line 1453
[05-Sep-2025 01:11:25 UTC] PHP Warning:  Cannot modify header information - headers already sent by (output started at /Users/sravanimalla/Local Sites/preferred/app/public/wp-includes/fonts/class-wp-font-face.php:121) in /Users/sravanimalla/Local Sites/preferred/app/public/wp-includes/pluggable.php on line 1450
[05-Sep-2025 01:11:25 UTC] PHP Warning:  Cannot modify header information - headers already sent by (output started at /Users/sravanimalla/Local Sites/preferred/app/public/wp-includes/fonts/class-wp-font-face.php:121) in /Users/sravanimalla/Local Sites/preferred/app/public/wp-includes/pluggable.php on line 1453
[05-Sep-2025 01:12:24 UTC] PHP Warning:  Cannot modify header information - headers already sent by (output started at /Users/sravanimalla/Local Sites/preferred/app/public/wp-includes/fonts/class-wp-font-face.php:121) in /Users/sravanimalla/Local Sites/preferred/app/public/wp-includes/pluggable.php on line 1450
[05-Sep-2025 01:12:24 UTC] PHP Warning:  Cannot modify header information - headers already sent by (output started at /Users/sravanimalla/Local Sites/preferred/app/public/wp-includes/fonts/class-wp-font-face.php:121) in /Users/sravanimalla/Local Sites/preferred/app/public/wp-includes/pluggable.php on line 1453
[05-Sep-2025 01:12:35 UTC] PHP Warning:  Cannot modify header information - headers already sent by (output started at /Users/sravanimalla/Local Sites/preferred/app/public/wp-includes/fonts/class-wp-font-face.php:121) in /Users/sravanimalla/Local Sites/preferred/app/public/wp-includes/pluggable.php on line 1450
[05-Sep-2025 01:12:35 UTC] PHP Warning:  Cannot modify header information - headers already sent by (output started at /Users/sravanimalla/Local Sites/preferred/app/public/wp-includes/fonts/class-wp-font-face.php:121) in /Users/sravanimalla/Local Sites/preferred/app/public/wp-includes/pluggable.php on line 1453
[05-Sep-2025 01:14:37 UTC] PHP Warning:  Cannot modify header information - headers already sent by (output started at /Users/sravanimalla/Local Sites/preferred/app/public/wp-includes/fonts/class-wp-font-face.php:121) in /Users/sravanimalla/Local Sites/preferred/app/public/wp-includes/pluggable.php on line 1450
[05-Sep-2025 01:14:37 UTC] PHP Warning:  Cannot modify header information - headers already sent by (output started at /Users/sravanimalla/Local Sites/preferred/app/public/wp-includes/fonts/class-wp-font-face.php:121) in /Users/sravanimalla/Local Sites/preferred/app/public/wp-includes/pluggable.php on line 1453
[05-Sep-2025 01:25:44 UTC] PHP Warning:  Cannot modify header information - headers already sent by (output started at /Users/sravanimalla/Local Sites/preferred/app/public/wp-includes/fonts/class-wp-font-face.php:121) in /Users/sravanimalla/Local Sites/preferred/app/public/wp-includes/pluggable.php on line 1450
[05-Sep-2025 01:25:44 UTC] PHP Warning:  Cannot modify header information - headers already sent by (output started at /Users/sravanimalla/Local Sites/preferred/app/public/wp-includes/fonts/class-wp-font-face.php:121) in /Users/sravanimalla/Local Sites/preferred/app/public/wp-includes/pluggable.php on line 1453
[05-Sep-2025 01:29:00 UTC] PHP Warning:  Cannot modify header information - headers already sent by (output started at /Users/sravanimalla/Local Sites/preferred/app/public/wp-includes/fonts/class-wp-font-face.php:121) in /Users/sravanimalla/Local Sites/preferred/app/public/wp-includes/pluggable.php on line 1450
[05-Sep-2025 01:29:00 UTC] PHP Warning:  Cannot modify header information - headers already sent by (output started at /Users/sravanimalla/Local Sites/preferred/app/public/wp-includes/fonts/class-wp-font-face.php:121) in /Users/sravanimalla/Local Sites/preferred/app/public/wp-includes/pluggable.php on line 1453
[05-Sep-2025 01:30:05 UTC] PHP Warning:  Cannot modify header information - headers already sent by (output started at /Users/sravanimalla/Local Sites/preferred/app/public/wp-includes/fonts/class-wp-font-face.php:121) in /Users/sravanimalla/Local Sites/preferred/app/public/wp-includes/pluggable.php on line 1450
[05-Sep-2025 01:30:05 UTC] PHP Warning:  Cannot modify header information - headers already sent by (output started at /Users/sravanimalla/Local Sites/preferred/app/public/wp-includes/fonts/class-wp-font-face.php:121) in /Users/sravanimalla/Local Sites/preferred/app/public/wp-includes/pluggable.php on line 1453
[10-Sep-2025 18:41:30 UTC] PHP Warning:  Undefined variable $tiReviewsTableName in /Users/sravanimalla/Local Sites/preferred/app/public/wp-content/plugins/wp-reviews-plugin-for-google.disabled/include/schema.php on line 5
[10-Sep-2025 18:41:30 UTC] PHP Warning:  Undefined variable $tiReviewsTableName in /Users/sravanimalla/Local Sites/preferred/app/public/wp-content/plugins/free-facebook-reviews-and-recommendations-widgets.disabled/include/schema.php on line 5
[10-Sep-2025 18:41:40 UTC] PHP Warning:  Undefined variable $tiReviewsTableName in /Users/sravanimalla/Local Sites/preferred/app/public/wp-content/plugins/reviews-widgets-for-yelp.disabled/include/schema.php on line 5
