[28-Aug-2025 00:05:14] NOTICE: fpm is running, pid 21604
[28-Aug-2025 00:05:14] NOTICE: ready to handle connections
[28-Aug-2025 00:07:25] NOTICE: Terminating ...
[28-Aug-2025 00:07:26] NOTICE: Terminating ...
[28-Aug-2025 00:07:26] NOTICE: exiting, bye-bye!
[28-Aug-2025 00:10:33] NOTICE: fpm is running, pid 23115
[28-Aug-2025 00:10:33] NOTICE: ready to handle connections
[28-Aug-2025 00:25:38] NOTICE: Terminating ...
[28-Aug-2025 00:25:38] NOTICE: Terminating ...
[28-Aug-2025 00:25:38] NOTICE: exiting, bye-bye!
[28-Aug-2025 12:51:19] NOTICE: fpm is running, pid 28002
[28-Aug-2025 12:51:19] NOTICE: ready to handle connections
[28-Aug-2025 13:11:33] NOTICE: Terminating ...
[28-Aug-2025 13:11:33] NOTICE: Terminating ...
[28-Aug-2025 13:11:33] NOTICE: exiting, bye-bye!
[28-Aug-2025 13:12:10] NOTICE: fpm is running, pid 28546
[28-Aug-2025 13:12:10] NOTICE: ready to handle connections
[28-Aug-2025 13:40:29] NOTICE: Terminating ...
[28-Aug-2025 13:40:29] NOTICE: Terminating ...
[28-Aug-2025 13:40:29] NOTICE: exiting, bye-bye!
[29-Aug-2025 12:12:58] NOTICE: fpm is running, pid 34263
[29-Aug-2025 12:12:58] NOTICE: ready to handle connections
[29-Aug-2025 13:05:13] NOTICE: Terminating ...
[29-Aug-2025 13:05:13] NOTICE: Terminating ...
[29-Aug-2025 13:05:13] NOTICE: exiting, bye-bye!
[29-Aug-2025 13:05:43] NOTICE: fpm is running, pid 35387
[29-Aug-2025 13:05:43] NOTICE: ready to handle connections
[29-Aug-2025 14:30:41] NOTICE: Terminating ...
[29-Aug-2025 14:30:41] NOTICE: Terminating ...
[29-Aug-2025 14:30:41] NOTICE: exiting, bye-bye!
[29-Aug-2025 14:30:46] NOTICE: fpm is running, pid 37614
[29-Aug-2025 14:30:46] NOTICE: ready to handle connections
[29-Aug-2025 14:33:58] NOTICE: Terminating ...
[29-Aug-2025 14:33:58] NOTICE: Terminating ...
[29-Aug-2025 14:33:58] NOTICE: exiting, bye-bye!
[29-Aug-2025 14:34:26] NOTICE: fpm is running, pid 37735
[29-Aug-2025 14:34:26] NOTICE: ready to handle connections
[29-Aug-2025 15:02:10] NOTICE: Terminating ...
[29-Aug-2025 15:02:10] NOTICE: Terminating ...
[29-Aug-2025 15:02:10] NOTICE: exiting, bye-bye!
[29-Aug-2025 15:02:11] NOTICE: fpm is running, pid 38092
[29-Aug-2025 15:02:11] NOTICE: ready to handle connections
[29-Aug-2025 15:05:33] NOTICE: Terminating ...
[29-Aug-2025 15:05:33] NOTICE: Terminating ...
[29-Aug-2025 15:05:33] NOTICE: exiting, bye-bye!
[29-Aug-2025 15:06:08] NOTICE: fpm is running, pid 38216
[29-Aug-2025 15:06:08] NOTICE: ready to handle connections
[29-Aug-2025 16:01:36] NOTICE: Terminating ...
[29-Aug-2025 16:01:36] NOTICE: Terminating ...
[29-Aug-2025 16:01:36] NOTICE: exiting, bye-bye!
[29-Aug-2025 16:01:37] NOTICE: fpm is running, pid 38429
[29-Aug-2025 16:01:37] NOTICE: ready to handle connections
[29-Aug-2025 16:02:08] NOTICE: Terminating ...
[29-Aug-2025 16:02:08] NOTICE: Terminating ...
[29-Aug-2025 16:02:08] NOTICE: exiting, bye-bye!
[29-Aug-2025 16:02:24] NOTICE: fpm is running, pid 38506
[29-Aug-2025 16:02:24] NOTICE: ready to handle connections
[29-Aug-2025 16:06:49] ERROR: Another FPM instance seems to already listen on /Users/sravanimalla/Library/Application Support/Local/run/ExYFY0D2v/php/php-fpm.socket
[29-Aug-2025 16:06:49] ERROR: FPM initialization failed
[29-Aug-2025 16:06:49] ERROR: Another FPM instance seems to already listen on /Users/sravanimalla/Library/Application Support/Local/run/ExYFY0D2v/php/php-fpm.socket
[29-Aug-2025 16:06:49] ERROR: FPM initialization failed
[29-Aug-2025 16:06:50] ERROR: Another FPM instance seems to already listen on /Users/sravanimalla/Library/Application Support/Local/run/ExYFY0D2v/php/php-fpm.socket
[29-Aug-2025 16:06:50] ERROR: FPM initialization failed
[29-Aug-2025 16:06:51] ERROR: Another FPM instance seems to already listen on /Users/sravanimalla/Library/Application Support/Local/run/ExYFY0D2v/php/php-fpm.socket
[29-Aug-2025 16:06:51] ERROR: FPM initialization failed
[29-Aug-2025 16:50:19] ERROR: Another FPM instance seems to already listen on /Users/sravanimalla/Library/Application Support/Local/run/ExYFY0D2v/php/php-fpm.socket
[29-Aug-2025 16:50:19] ERROR: FPM initialization failed
[29-Aug-2025 16:50:19] ERROR: Another FPM instance seems to already listen on /Users/sravanimalla/Library/Application Support/Local/run/ExYFY0D2v/php/php-fpm.socket
[29-Aug-2025 16:50:19] ERROR: FPM initialization failed
[29-Aug-2025 16:50:20] ERROR: Another FPM instance seems to already listen on /Users/sravanimalla/Library/Application Support/Local/run/ExYFY0D2v/php/php-fpm.socket
[29-Aug-2025 16:50:20] ERROR: FPM initialization failed
[29-Aug-2025 16:50:20] ERROR: Another FPM instance seems to already listen on /Users/sravanimalla/Library/Application Support/Local/run/ExYFY0D2v/php/php-fpm.socket
[29-Aug-2025 16:50:20] ERROR: FPM initialization failed
[29-Aug-2025 17:36:05] ERROR: Another FPM instance seems to already listen on /Users/sravanimalla/Library/Application Support/Local/run/ExYFY0D2v/php/php-fpm.socket
[29-Aug-2025 17:36:05] ERROR: FPM initialization failed
[29-Aug-2025 17:36:05] ERROR: Another FPM instance seems to already listen on /Users/sravanimalla/Library/Application Support/Local/run/ExYFY0D2v/php/php-fpm.socket
[29-Aug-2025 17:36:05] ERROR: FPM initialization failed
[29-Aug-2025 17:36:06] ERROR: Another FPM instance seems to already listen on /Users/sravanimalla/Library/Application Support/Local/run/ExYFY0D2v/php/php-fpm.socket
[29-Aug-2025 17:36:06] ERROR: FPM initialization failed
[29-Aug-2025 17:36:06] ERROR: Another FPM instance seems to already listen on /Users/sravanimalla/Library/Application Support/Local/run/ExYFY0D2v/php/php-fpm.socket
[29-Aug-2025 17:36:06] ERROR: FPM initialization failed
[29-Aug-2025 21:48:56] ERROR: Another FPM instance seems to already listen on /Users/sravanimalla/Library/Application Support/Local/run/ExYFY0D2v/php/php-fpm.socket
[29-Aug-2025 21:48:56] ERROR: FPM initialization failed
[29-Aug-2025 21:48:56] ERROR: Another FPM instance seems to already listen on /Users/sravanimalla/Library/Application Support/Local/run/ExYFY0D2v/php/php-fpm.socket
[29-Aug-2025 21:48:56] ERROR: FPM initialization failed
[29-Aug-2025 21:48:57] ERROR: Another FPM instance seems to already listen on /Users/sravanimalla/Library/Application Support/Local/run/ExYFY0D2v/php/php-fpm.socket
[29-Aug-2025 21:48:57] ERROR: FPM initialization failed
[29-Aug-2025 21:48:57] ERROR: Another FPM instance seems to already listen on /Users/sravanimalla/Library/Application Support/Local/run/ExYFY0D2v/php/php-fpm.socket
[29-Aug-2025 21:48:57] ERROR: FPM initialization failed
[03-Sep-2025 11:35:18] NOTICE: fpm is running, pid 26742
[03-Sep-2025 11:35:18] NOTICE: ready to handle connections
[03-Sep-2025 16:15:10] NOTICE: Terminating ...
[03-Sep-2025 16:15:10] NOTICE: Terminating ...
[03-Sep-2025 16:15:10] NOTICE: exiting, bye-bye!
[03-Sep-2025 19:39:00] NOTICE: fpm is running, pid 34483
[03-Sep-2025 19:39:00] NOTICE: ready to handle connections
[04-Sep-2025 01:05:28] NOTICE: Terminating ...
[04-Sep-2025 01:05:28] NOTICE: Terminating ...
[04-Sep-2025 01:05:28] NOTICE: exiting, bye-bye!
[04-Sep-2025 19:02:13] NOTICE: fpm is running, pid 4960
[04-Sep-2025 19:02:13] NOTICE: ready to handle connections
[04-Sep-2025 20:13:06] NOTICE: Terminating ...
[04-Sep-2025 20:13:06] NOTICE: Terminating ...
[04-Sep-2025 20:13:06] NOTICE: exiting, bye-bye!
[04-Sep-2025 20:13:08] NOTICE: fpm is running, pid 26624
[04-Sep-2025 20:13:08] NOTICE: ready to handle connections
[04-Sep-2025 20:20:30] NOTICE: Terminating ...
[04-Sep-2025 20:20:30] NOTICE: Terminating ...
[04-Sep-2025 20:20:30] NOTICE: exiting, bye-bye!
[04-Sep-2025 20:20:31] NOTICE: fpm is running, pid 31176
[04-Sep-2025 20:20:31] NOTICE: ready to handle connections
[04-Sep-2025 20:53:52] NOTICE: Terminating ...
[04-Sep-2025 20:53:52] NOTICE: Terminating ...
[04-Sep-2025 20:53:52] NOTICE: exiting, bye-bye!
[04-Sep-2025 20:53:54] NOTICE: fpm is running, pid 53088
[04-Sep-2025 20:53:54] NOTICE: ready to handle connections
[04-Sep-2025 20:54:09] NOTICE: Terminating ...
[04-Sep-2025 20:54:09] NOTICE: Terminating ...
[04-Sep-2025 20:54:09] NOTICE: exiting, bye-bye!
[04-Sep-2025 20:54:22] NOTICE: fpm is running, pid 53377
[04-Sep-2025 20:54:22] NOTICE: ready to handle connections
[04-Sep-2025 21:06:15] NOTICE: Terminating ...
[04-Sep-2025 21:06:15] NOTICE: Terminating ...
[04-Sep-2025 21:06:15] NOTICE: exiting, bye-bye!
[04-Sep-2025 21:06:17] NOTICE: fpm is running, pid 62271
[04-Sep-2025 21:06:17] NOTICE: ready to handle connections
[04-Sep-2025 21:11:42] NOTICE: Terminating ...
[04-Sep-2025 21:11:42] NOTICE: Terminating ...
[04-Sep-2025 21:11:42] NOTICE: exiting, bye-bye!
[04-Sep-2025 21:11:44] NOTICE: fpm is running, pid 66070
[04-Sep-2025 21:11:44] NOTICE: ready to handle connections
[04-Sep-2025 21:11:58] NOTICE: Terminating ...
[04-Sep-2025 21:11:58] NOTICE: Terminating ...
[04-Sep-2025 21:11:58] NOTICE: exiting, bye-bye!
[04-Sep-2025 21:11:59] NOTICE: fpm is running, pid 66252
[04-Sep-2025 21:11:59] NOTICE: ready to handle connections
[04-Sep-2025 23:36:54] NOTICE: Terminating ...
[04-Sep-2025 23:36:54] NOTICE: Terminating ...
[04-Sep-2025 23:36:54] NOTICE: exiting, bye-bye!
[05-Sep-2025 18:13:51] NOTICE: fpm is running, pid 3843
[05-Sep-2025 18:13:51] NOTICE: ready to handle connections
[05-Sep-2025 18:16:27] NOTICE: Terminating ...
[05-Sep-2025 18:16:27] NOTICE: Terminating ...
[05-Sep-2025 18:16:27] NOTICE: exiting, bye-bye!
[05-Sep-2025 20:04:23] NOTICE: fpm is running, pid 5164
[05-Sep-2025 20:04:23] NOTICE: ready to handle connections
[05-Sep-2025 20:18:01] NOTICE: Terminating ...
[05-Sep-2025 20:18:01] NOTICE: Terminating ...
[05-Sep-2025 20:18:01] NOTICE: exiting, bye-bye!
[05-Sep-2025 20:18:02] NOTICE: fpm is running, pid 5466
[05-Sep-2025 20:18:02] NOTICE: ready to handle connections
[06-Sep-2025 01:02:31] NOTICE: Terminating ...
[06-Sep-2025 01:02:31] NOTICE: Terminating ...
[06-Sep-2025 01:02:31] NOTICE: exiting, bye-bye!
[06-Sep-2025 21:33:43] NOTICE: fpm is running, pid 2265
[06-Sep-2025 21:33:43] NOTICE: ready to handle connections
[06-Sep-2025 21:35:52] NOTICE: Terminating ...
[06-Sep-2025 21:35:52] NOTICE: Terminating ...
[06-Sep-2025 21:35:52] NOTICE: exiting, bye-bye!
[10-Sep-2025 13:25:05] NOTICE: fpm is running, pid 2103
[10-Sep-2025 13:25:05] NOTICE: ready to handle connections
[10-Sep-2025 14:28:57] NOTICE: Terminating ...
[10-Sep-2025 14:28:57] NOTICE: Terminating ...
[10-Sep-2025 14:28:57] NOTICE: exiting, bye-bye!
[10-Sep-2025 14:28:58] NOTICE: fpm is running, pid 8601
[10-Sep-2025 14:28:58] NOTICE: ready to handle connections
[10-Sep-2025 15:15:35] NOTICE: Terminating ...
[10-Sep-2025 15:15:35] NOTICE: Terminating ...
[10-Sep-2025 15:15:35] NOTICE: exiting, bye-bye!
[13-Sep-2025 10:19:21] NOTICE: fpm is running, pid 1945
[13-Sep-2025 10:19:21] NOTICE: ready to handle connections
[13-Sep-2025 10:26:12] NOTICE: Terminating ...
[13-Sep-2025 10:26:12] NOTICE: Terminating ...
[13-Sep-2025 10:26:12] NOTICE: exiting, bye-bye!
[13-Sep-2025 10:26:13] NOTICE: fpm is running, pid 3839
[13-Sep-2025 10:26:13] NOTICE: ready to handle connections
[13-Sep-2025 10:26:25] NOTICE: Terminating ...
[13-Sep-2025 10:26:25] NOTICE: Terminating ...
[13-Sep-2025 10:26:25] NOTICE: exiting, bye-bye!
[13-Sep-2025 10:26:27] NOTICE: fpm is running, pid 3954
[13-Sep-2025 10:26:27] NOTICE: ready to handle connections
[13-Sep-2025 10:35:52] NOTICE: Terminating ...
[13-Sep-2025 10:35:52] NOTICE: Terminating ...
[13-Sep-2025 10:35:52] NOTICE: exiting, bye-bye!
[13-Sep-2025 10:35:54] NOTICE: fpm is running, pid 5348
[13-Sep-2025 10:35:54] NOTICE: ready to handle connections
[13-Sep-2025 10:42:56] NOTICE: Terminating ...
[13-Sep-2025 10:42:56] NOTICE: Terminating ...
[13-Sep-2025 10:42:56] NOTICE: exiting, bye-bye!
[15-Sep-2025 15:27:14] NOTICE: fpm is running, pid 17387
[15-Sep-2025 15:27:14] NOTICE: ready to handle connections
[15-Sep-2025 15:35:04] NOTICE: Terminating ...
[15-Sep-2025 15:35:04] NOTICE: Terminating ...
[15-Sep-2025 15:35:04] NOTICE: exiting, bye-bye!
[19-Sep-2025 11:44:22] NOTICE: fpm is running, pid 10407
[19-Sep-2025 11:44:22] NOTICE: ready to handle connections
[19-Sep-2025 11:56:28] NOTICE: Terminating ...
[19-Sep-2025 11:56:28] NOTICE: Terminating ...
[19-Sep-2025 11:56:28] NOTICE: exiting, bye-bye!
